<?xml version="1.0" encoding="UTF-8"?>
<testsuite xmlns:xsi="http://www.w3.org/2001/XMLSchema-instance" xsi:noNamespaceSchemaLocation="https://maven.apache.org/surefire/maven-surefire-plugin/xsd/surefire-test-report.xsd" version="3.0.2" name="com.app.springbootcrud.SpringbootCrudApplicationTests" time="7.49" tests="1" errors="0" skipped="0" failures="0">
  <properties>
[...]
</properties>
  <testcase name="contextLoads" classname="com.app.springbootcrud.SpringbootCrudApplicationTests" time="0.684">
    <system-out><![CDATA[16:55:28.149 [main] INFO org.springframework.test.context.support.AnnotationConfigContextLoaderUtils -- Could not detect default configuration classes for test class [com.app.springbootcrud.SpringbootCrudApplicationTests]: SpringbootCrudApplicationTests does not declare any static, non-private, non-final, nested classes annotated with @Configuration.
16:55:28.277 [main] INFO org.springframework.boot.test.context.SpringBootTestContextBootstrapper -- Found @SpringBootConfiguration com.app.springbootcrud.SpringbootCrudApplication for test class com.app.springbootcrud.SpringbootCrudApplicationTests
16:55:28.448 [main] INFO org.springframework.boot.devtools.restart.RestartApplicationListener -- Restart disabled due to context in which it is running

  .   ____          _            __ _ _
 /\\ / ___'_ __ _ _(_)_ __  __ _ \ \ \ \
( ( )\___ | '_ | '_| | '_ \/ _` | \ \ \ \
 \\/  ___)| |_)| | | | | || (_| |  ) ) ) )
  '  |____| .__|_| |_|_| |_\__, | / / / /
 =========|_|==============|___/=/_/_/_/

&amp#27;[32m :: Spring Boot :: &amp#27;[39m              &amp#27;[2m (v3.5.9)&amp#27;[0;39m

&amp#27;[2m2026-01-20T16:55:28.749-03:00&amp#27;[0;39m &amp#27;[32m INFO&amp#27;[0;39m &amp#27;[35m7176&amp#27;[0;39m &amp#27;[2m--- [           main] &amp#27;[0;39m&amp#27;[36mc.a.s.SpringbootCrudApplicationTests    &amp#27;[0;39m &amp#27;[2m:&amp#27;[0;39m Starting SpringbootCrudApplicationTests using Java 21.0.2 with PID 7176 (started by juanm in c:\Users\juanm\Desktop\Login-Next\backend)
&amp#27;[2m2026-01-20T16:55:28.750-03:00&amp#27;[0;39m &amp#27;[32m INFO&amp#27;[0;39m &amp#27;[35m7176&amp#27;[0;39m &amp#27;[2m--- [           main] &amp#27;[0;39m&amp#27;[36mc.a.s.SpringbootCrudApplicationTests    &amp#27;[0;39m &amp#27;[2m:&amp#27;[0;39m The following 1 profile is active: "dev"
&amp#27;[2m2026-01-20T16:55:29.929-03:00&amp#27;[0;39m &amp#27;[32m INFO&amp#27;[0;39m &amp#27;[35m7176&amp#27;[0;39m &amp#27;[2m--- [           main] &amp#27;[0;39m&amp#27;[36m.s.d.r.c.RepositoryConfigurationDelegate&amp#27;[0;39m &amp#27;[2m:&amp#27;[0;39m Bootstrapping Spring Data JPA repositories in DEFAULT mode.
&amp#27;[2m2026-01-20T16:55:30.007-03:00&amp#27;[0;39m &amp#27;[32m INFO&amp#27;[0;39m &amp#27;[35m7176&amp#27;[0;39m &amp#27;[2m--- [           main] &amp#27;[0;39m&amp#27;[36m.s.d.r.c.RepositoryConfigurationDelegate&amp#27;[0;39m &amp#27;[2m:&amp#27;[0;39m Finished Spring Data repository scanning in 61 ms. Found 3 JPA repository interfaces.
&amp#27;[2m2026-01-20T16:55:30.610-03:00&amp#27;[0;39m &amp#27;[32m INFO&amp#27;[0;39m &amp#27;[35m7176&amp#27;[0;39m &amp#27;[2m--- [           main] &amp#27;[0;39m&amp#27;[36mo.hibernate.jpa.internal.util.LogHelper &amp#27;[0;39m &amp#27;[2m:&amp#27;[0;39m HHH000204: Processing PersistenceUnitInfo [name: default]
&amp#27;[2m2026-01-20T16:55:30.677-03:00&amp#27;[0;39m &amp#27;[32m INFO&amp#27;[0;39m &amp#27;[35m7176&amp#27;[0;39m &amp#27;[2m--- [           main] &amp#27;[0;39m&amp#27;[36morg.hibernate.Version                   &amp#27;[0;39m &amp#27;[2m:&amp#27;[0;39m HHH000412: Hibernate ORM core version 6.6.39.Final
&amp#27;[2m2026-01-20T16:55:30.719-03:00&amp#27;[0;39m &amp#27;[32m INFO&amp#27;[0;39m &amp#27;[35m7176&amp#27;[0;39m &amp#27;[2m--- [           main] &amp#27;[0;39m&amp#27;[36mo.h.c.internal.RegionFactoryInitiator   &amp#27;[0;39m &amp#27;[2m:&amp#27;[0;39m HHH000026: Second-level cache disabled
&amp#27;[2m2026-01-20T16:55:31.043-03:00&amp#27;[0;39m &amp#27;[32m INFO&amp#27;[0;39m &amp#27;[35m7176&amp#27;[0;39m &amp#27;[2m--- [           main] &amp#27;[0;39m&amp#27;[36mo.s.o.j.p.SpringPersistenceUnitInfo     &amp#27;[0;39m &amp#27;[2m:&amp#27;[0;39m No LoadTimeWeaver setup: ignoring JPA class transformer
&amp#27;[2m2026-01-20T16:55:31.080-03:00&amp#27;[0;39m &amp#27;[32m INFO&amp#27;[0;39m &amp#27;[35m7176&amp#27;[0;39m &amp#27;[2m--- [           main] &amp#27;[0;39m&amp#27;[36mcom.zaxxer.hikari.HikariDataSource      &amp#27;[0;39m &amp#27;[2m:&amp#27;[0;39m HikariPool-1 - Starting...
&amp#27;[2m2026-01-20T16:55:31.264-03:00&amp#27;[0;39m &amp#27;[32m INFO&amp#27;[0;39m &amp#27;[35m7176&amp#27;[0;39m &amp#27;[2m--- [           main] &amp#27;[0;39m&amp#27;[36mcom.zaxxer.hikari.pool.HikariPool       &amp#27;[0;39m &amp#27;[2m:&amp#27;[0;39m HikariPool-1 - Added connection com.mysql.cj.jdbc.ConnectionImpl@25ea068e
&amp#27;[2m2026-01-20T16:55:31.266-03:00&amp#27;[0;39m &amp#27;[32m INFO&amp#27;[0;39m &amp#27;[35m7176&amp#27;[0;39m &amp#27;[2m--- [           main] &amp#27;[0;39m&amp#27;[36mcom.zaxxer.hikari.HikariDataSource      &amp#27;[0;39m &amp#27;[2m:&amp#27;[0;39m HikariPool-1 - Start completed.
&amp#27;[2m2026-01-20T16:55:31.321-03:00&amp#27;[0;39m &amp#27;[33m WARN&amp#27;[0;39m &amp#27;[35m7176&amp#27;[0;39m &amp#27;[2m--- [           main] &amp#27;[0;39m&amp#27;[36morg.hibernate.orm.deprecation           &amp#27;[0;39m &amp#27;[2m:&amp#27;[0;39m HHH90000025: MySQLDialect does not need to be specified explicitly using 'hibernate.dialect' (remove the property setting and it will be selected by default)
&amp#27;[2m2026-01-20T16:55:31.329-03:00&amp#27;[0;39m &amp#27;[32m INFO&amp#27;[0;39m &amp#27;[35m7176&amp#27;[0;39m &amp#27;[2m--- [           main] &amp#27;[0;39m&amp#27;[36morg.hibernate.orm.connections.pooling   &amp#27;[0;39m &amp#27;[2m:&amp#27;[0;39m HHH10001005: Database info:
	Database JDBC URL [Connecting through datasource 'HikariDataSource (HikariPool-1)']
	Database driver: undefined/unknown
	Database version: 8.0.44
	Autocommit mode: undefined/unknown
	Isolation level: undefined/unknown
	Minimum pool size: undefined/unknown
	Maximum pool size: undefined/unknown
&amp#27;[2m2026-01-20T16:55:32.404-03:00&amp#27;[0;39m &amp#27;[32m INFO&amp#27;[0;39m &amp#27;[35m7176&amp#27;[0;39m &amp#27;[2m--- [           main] &amp#27;[0;39m&amp#27;[36mo.h.e.t.j.p.i.JtaPlatformInitiator      &amp#27;[0;39m &amp#27;[2m:&amp#27;[0;39m HHH000489: No JTA platform available (set 'hibernate.transaction.jta.platform' to enable JTA platform integration)
Hibernate: alter table users_roles drop foreign key FKj6m8fwv7oqv74fcehir1a9ffy
Hibernate: alter table users_roles drop foreign key FK2o0jvgh89lemvvo17cbqvdxaa
Hibernate: drop table if exists refresh_token
Hibernate: drop table if exists roles
Hibernate: drop table if exists users
Hibernate: drop table if exists users_roles
Hibernate: create table refresh_token (expires_at datetime(6), token varchar(255) not null, username varchar(255), primary key (token)) engine=InnoDB
Hibernate: create table roles (id bigint not null auto_increment, name varchar(255), primary key (id)) engine=InnoDB
Hibernate: create table users (enabled bit not null, id bigint not null auto_increment, username varchar(20) not null, password varchar(255) not null, primary key (id)) engine=InnoDB
Hibernate: create table users_roles (role_id bigint not null, user_id bigint not null) engine=InnoDB
Hibernate: alter table roles add constraint UKofx66keruapi6vyqpv6f2or37 unique (name)
Hibernate: alter table users add constraint UKr43af9ap4edm43mmtq01oddj6 unique (username)
Hibernate: alter table users_roles add constraint UKq3r1u8cne2rw2hkr899xuh7vj unique (user_id, role_id)
Hibernate: alter table users_roles add constraint FKj6m8fwv7oqv74fcehir1a9ffy foreign key (role_id) references roles (id)
Hibernate: alter table users_roles add constraint FK2o0jvgh89lemvvo17cbqvdxaa foreign key (user_id) references users (id)
&amp#27;[2m2026-01-20T16:55:32.772-03:00&amp#27;[0;39m &amp#27;[32m INFO&amp#27;[0;39m &amp#27;[35m7176&amp#27;[0;39m &amp#27;[2m--- [           main] &amp#27;[0;39m&amp#27;[36mj.LocalContainerEntityManagerFactoryBean&amp#27;[0;39m &amp#27;[2m:&amp#27;[0;39m Initialized JPA EntityManagerFactory for persistence unit 'default'
&amp#27;[2m2026-01-20T16:55:33.313-03:00&amp#27;[0;39m &amp#27;[33m WARN&amp#27;[0;39m &amp#27;[35m7176&amp#27;[0;39m &amp#27;[2m--- [           main] &amp#27;[0;39m&amp#27;[36mJpaBaseConfiguration$JpaWebConfiguration&amp#27;[0;39m &amp#27;[2m:&amp#27;[0;39m spring.jpa.open-in-view is enabled by default. Therefore, database queries may be performed during view rendering. Explicitly configure spring.jpa.open-in-view to disable this warning
&amp#27;[2m2026-01-20T16:55:33.363-03:00&amp#27;[0;39m &amp#27;[32m INFO&amp#27;[0;39m &amp#27;[35m7176&amp#27;[0;39m &amp#27;[2m--- [           main] &amp#27;[0;39m&amp#27;[36mr$InitializeUserDetailsManagerConfigurer&amp#27;[0;39m &amp#27;[2m:&amp#27;[0;39m Global AuthenticationManager configured with UserDetailsService bean with name jpaUserDetailsService
&amp#27;[2m2026-01-20T16:55:33.808-03:00&amp#27;[0;39m &amp#27;[32m INFO&amp#27;[0;39m &amp#27;[35m7176&amp#27;[0;39m &amp#27;[2m--- [           main] &amp#27;[0;39m&amp#27;[36mo.s.b.a.e.web.EndpointLinksResolver     &amp#27;[0;39m &amp#27;[2m:&amp#27;[0;39m Exposing 1 endpoint beneath base path '/actuator'
&amp#27;[2m2026-01-20T16:55:34.344-03:00&amp#27;[0;39m &amp#27;[32m INFO&amp#27;[0;39m &amp#27;[35m7176&amp#27;[0;39m &amp#27;[2m--- [           main] &amp#27;[0;39m&amp#27;[36mc.a.s.SpringbootCrudApplicationTests    &amp#27;[0;39m &amp#27;[2m:&amp#27;[0;39m Started SpringbootCrudApplicationTests in 5.896 seconds (process running for 7.099)
Hibernate: select r1_0.id,r1_0.name from roles r1_0 where r1_0.name=?
Hibernate: insert into roles (name) values (?)
Role created: ROLE_ADMIN
Hibernate: select r1_0.id,r1_0.name from roles r1_0 where r1_0.name=?
Hibernate: insert into roles (name) values (?)
Role created: ROLE_USER
Hibernate: select u1_0.id,u1_0.enabled,u1_0.password,u1_0.username from users u1_0 where u1_0.username=?
Hibernate: select r1_0.id,r1_0.name from roles r1_0 where r1_0.name=?
Hibernate: select r1_0.id,r1_0.name from roles r1_0 where r1_0.name=?
Hibernate: insert into users (enabled,password,username) values (?,?,?)
Hibernate: insert into users_roles (user_id,role_id) values (?,?)
Hibernate: insert into users_roles (user_id,role_id) values (?,?)
User created: juan
]]></system-out>
    <system-err><![CDATA[Mockito is currently self-attaching to enable the inline-mock-maker. This will no longer work in future releases of the JDK. Please add Mockito as an agent to your build as described in Mockito's documentation: https://javadoc.io/doc/org.mockito/mockito-core/latest/org.mockito/org/mockito/Mockito.html#0.3
WARNING: A Java agent has been loaded dynamically (C:\Users\juanm\.m2\repository\net\bytebuddy\byte-buddy-agent\1.17.8\byte-buddy-agent-1.17.8.jar)
WARNING: If a serviceability tool is in use, please run with -XX:+EnableDynamicAgentLoading to hide this warning
WARNING: If a serviceability tool is not in use, please run with -Djdk.instrument.traceUsage for more information
WARNING: Dynamic loading of agents will be disallowed by default in a future release
]]></system-err>
  </testcase>
</testsuite>